<?xml version="1.0" encoding="UTF-8"?>
<!-- Generated by org.testng.reporters.JUnitReportReporter -->
<testsuite hostname="DESKTOP-JJ64RNE" failures="0" tests="9" name="runners.TestNGCucumberRunner" time="79.213" errors="0" timestamp="2026-01-10T23:59:04 EST" skipped="0">
  <testcase classname="runners.TestNGCucumberRunner" name="runScenario" time="5.728"/>
  <testcase classname="runners.TestNGCucumberRunner" name="runScenario" time="7.255"/>
  <testcase classname="runners.TestNGCucumberRunner" name="runScenario" time="5.538"/>
  <testcase classname="runners.TestNGCucumberRunner" name="runScenario" time="3.413"/>
  <testcase classname="runners.TestNGCucumberRunner" name="runScenario" time="4.537"/>
  <testcase classname="runners.TestNGCucumberRunner" name="runScenario" time="26.607"/>
  <testcase classname="runners.TestNGCucumberRunner" name="runScenario" time="5.407"/>
  <testcase classname="runners.TestNGCucumberRunner" name="runScenario" time="4.623"/>
  <testcase classname="runners.TestNGCucumberRunner" name="runScenario" time="16.105"/>
</testsuite> <!-- runners.TestNGCucumberRunner -->
